[0612/150703.275:INFO:CONSOLE(0)] "Error with Permissions-Policy header: Feature xr-spatial-tracking's parameters are ignored.", source:  (0)
[0612/150703.275:INFO:CONSOLE(0)] "Error with Permissions-Policy header: Origin trial controlled feature not enabled: 'attribution-reporting'.", source:  (0)
[0612/150703.275:INFO:CONSOLE(0)] "Error with Permissions-Policy header: Unrecognized feature: 'compute-pressure'.", source:  (0)
[0612/150703.277:INFO:CONSOLE(0)] "Error with Permissions-Policy header: Origin trial controlled feature not enabled: 'interest-cohort'.", source:  (0)
[0612/150703.277:INFO:CONSOLE(0)] "Error with Permissions-Policy header: Unrecognized feature: 'private-state-token-issuance'.", source:  (0)
[0612/150703.277:INFO:CONSOLE(0)] "Error with Permissions-Policy header: Origin trial controlled feature not enabled: 'shared-storage'.", source:  (0)
[0612/150703.277:INFO:CONSOLE(0)] "Error with Permissions-Policy header: Unrecognized feature: 'shared-storage-select-url'.", source:  (0)
[0612/150703.277:INFO:CONSOLE(0)] "Error with Permissions-Policy header: Unrecognized feature: 'private-state-token-redemption'.", source:  (0)
[0612/150703.277:INFO:CONSOLE(0)] "Error with Permissions-Policy header: Unrecognized feature: 'unload'.", source:  (0)
[0612/150703.277:INFO:CONSOLE(0)] "Error with Permissions-Policy header: Unrecognized feature: 'window-management'.", source:  (0)
[0612/150703.277:INFO:CONSOLE(0)] "Document-Policy HTTP header: Unrecognized document policy feature name include-js-call-stacks-in-crash-reports.", source: https://web.whatsapp.com/ (0)
[0612/150704.691:INFO:CONSOLE(0)] "Error with Permissions-Policy header: Feature xr-spatial-tracking's parameters are ignored.", source:  (0)
[0612/150704.691:INFO:CONSOLE(0)] "Error with Permissions-Policy header: Origin trial controlled feature not enabled: 'attribution-reporting'.", source:  (0)
[0612/150704.691:INFO:CONSOLE(0)] "Error with Permissions-Policy header: Unrecognized feature: 'compute-pressure'.", source:  (0)
[0612/150704.691:INFO:CONSOLE(0)] "Error with Permissions-Policy header: Origin trial controlled feature not enabled: 'interest-cohort'.", source:  (0)
[0612/150704.691:INFO:CONSOLE(0)] "Error with Permissions-Policy header: Unrecognized feature: 'private-state-token-issuance'.", source:  (0)
[0612/150704.691:INFO:CONSOLE(0)] "Error with Permissions-Policy header: Origin trial controlled feature not enabled: 'shared-storage'.", source:  (0)
[0612/150704.691:INFO:CONSOLE(0)] "Error with Permissions-Policy header: Unrecognized feature: 'shared-storage-select-url'.", source:  (0)
[0612/150704.691:INFO:CONSOLE(0)] "Error with Permissions-Policy header: Unrecognized feature: 'private-state-token-redemption'.", source:  (0)
[0612/150704.693:INFO:CONSOLE(0)] "Error with Permissions-Policy header: Unrecognized feature: 'unload'.", source:  (0)
[0612/150704.693:INFO:CONSOLE(0)] "Error with Permissions-Policy header: Unrecognized feature: 'window-management'.", source:  (0)
[0612/150704.694:INFO:CONSOLE(0)] "Document-Policy HTTP header: Unrecognized document policy feature name include-js-call-stacks-in-crash-reports.", source: https://web.whatsapp.com/?post_logout=1 (0)
[0612/150706.208:ERROR:cache_util_win.cc(20)] Unable to move the cache: Access is denied. (0x5)
[0612/150706.208:ERROR:cache_util_win.cc(20)] Unable to move the cache: Access is denied. (0x5)
[0612/150706.210:ERROR:disk_cache.cc(205)] Unable to create cache
[0612/150706.210:ERROR:gpu_disk_cache.cc(673)] Gpu Cache Creation failed: -2
[0612/150706.210:ERROR:disk_cache.cc(205)] Unable to create cache
[0612/150706.210:ERROR:gpu_disk_cache.cc(673)] Gpu Cache Creation failed: -2
[0612/150708.261:ERROR:cache_util_win.cc(20)] Unable to move the cache: Access is denied. (0x5)
[0612/150708.261:ERROR:disk_cache.cc(205)] Unable to create cache
[0612/150708.343:INFO:CONSOLE(163)] "Event handler of 'x-storagemutated-1' event must be added on the initial evaluation of worker script.", source: https://static.whatsapp.net/rsrc.php/v4/yx/r/fFPRg0sfMrx.js (163)
[0612/150708.822:ERROR:cache_util_win.cc(20)] Unable to move the cache: Access is denied. (0x5)
[0612/150708.824:ERROR:cache_util_win.cc(20)] Unable to move the cache: Access is denied. (0x5)
[0612/150708.825:ERROR:disk_cache.cc(205)] Unable to create cache
[0612/150708.825:ERROR:gpu_disk_cache.cc(673)] Gpu Cache Creation failed: -2
[0612/150708.827:ERROR:disk_cache.cc(205)] Unable to create cache
[0612/150708.827:ERROR:gpu_disk_cache.cc(673)] Gpu Cache Creation failed: -2
[0612/150709.035:INFO:CONSOLE(0)] "Error with Permissions-Policy header: Feature xr-spatial-tracking's parameters are ignored.", source:  (0)
[0612/150709.035:INFO:CONSOLE(0)] "Error with Permissions-Policy header: Origin trial controlled feature not enabled: 'attribution-reporting'.", source:  (0)
[0612/150709.035:INFO:CONSOLE(0)] "Error with Permissions-Policy header: Unrecognized feature: 'compute-pressure'.", source:  (0)
[0612/150709.035:INFO:CONSOLE(0)] "Error with Permissions-Policy header: Origin trial controlled feature not enabled: 'interest-cohort'.", source:  (0)
[0612/150709.035:INFO:CONSOLE(0)] "Error with Permissions-Policy header: Unrecognized feature: 'private-state-token-issuance'.", source:  (0)
[0612/150709.035:INFO:CONSOLE(0)] "Error with Permissions-Policy header: Origin trial controlled feature not enabled: 'shared-storage'.", source:  (0)
[0612/150709.035:INFO:CONSOLE(0)] "Error with Permissions-Policy header: Unrecognized feature: 'shared-storage-select-url'.", source:  (0)
[0612/150709.035:INFO:CONSOLE(0)] "Error with Permissions-Policy header: Unrecognized feature: 'private-state-token-redemption'.", source:  (0)
[0612/150709.038:INFO:CONSOLE(0)] "Error with Permissions-Policy header: Unrecognized feature: 'unload'.", source:  (0)
[0612/150709.038:INFO:CONSOLE(0)] "Error with Permissions-Policy header: Unrecognized feature: 'window-management'.", source:  (0)
[0612/150709.038:INFO:CONSOLE(0)] "Document-Policy HTTP header: Unrecognized document policy feature name include-js-call-stacks-in-crash-reports.", source: https://web.whatsapp.com/ (0)
[0612/150709.249:ERROR:service_worker_storage.cc(1933)] Failed to delete the database: Database IO error
[0612/150715.886:ERROR:leveldb_factory.cc(88)] Failed to open LevelDB database from D:\project\wp -BulkMessage\wp\backend\.wwebjs_auth\session-default\Default\IndexedDB\https_web.whatsapp.com_0.indexeddb.leveldb,IO error: D:\project\wp -BulkMessage\wp\backend\.wwebjs_auth\session-default\Default\IndexedDB\https_web.whatsapp.com_0.indexeddb.leveldb/LOCK: File currently in use. (ChromeMethodBFE: 15::LockFile::2)
[0612/150717.925:ERROR:leveldb_factory.cc(88)] Failed to open LevelDB database from D:\project\wp -BulkMessage\wp\backend\.wwebjs_auth\session-default\Default\IndexedDB\https_web.whatsapp.com_0.indexeddb.leveldb,IO error: D:\project\wp -BulkMessage\wp\backend\.wwebjs_auth\session-default\Default\IndexedDB\https_web.whatsapp.com_0.indexeddb.leveldb/LOCK: File currently in use. (ChromeMethodBFE: 15::LockFile::2)
[0612/150719.953:ERROR:leveldb_factory.cc(88)] Failed to open LevelDB database from D:\project\wp -BulkMessage\wp\backend\.wwebjs_auth\session-default\Default\IndexedDB\https_web.whatsapp.com_0.indexeddb.leveldb,IO error: D:\project\wp -BulkMessage\wp\backend\.wwebjs_auth\session-default\Default\IndexedDB\https_web.whatsapp.com_0.indexeddb.leveldb/LOCK: File currently in use. (ChromeMethodBFE: 15::LockFile::2)
[0612/150721.981:ERROR:leveldb_factory.cc(88)] Failed to open LevelDB database from D:\project\wp -BulkMessage\wp\backend\.wwebjs_auth\session-default\Default\IndexedDB\https_web.whatsapp.com_0.indexeddb.leveldb,IO error: D:\project\wp -BulkMessage\wp\backend\.wwebjs_auth\session-default\Default\IndexedDB\https_web.whatsapp.com_0.indexeddb.leveldb/LOCK: File currently in use. (ChromeMethodBFE: 15::LockFile::2)
[0612/150724.004:ERROR:leveldb_factory.cc(88)] Failed to open LevelDB database from D:\project\wp -BulkMessage\wp\backend\.wwebjs_auth\session-default\Default\IndexedDB\https_web.whatsapp.com_0.indexeddb.leveldb,IO error: D:\project\wp -BulkMessage\wp\backend\.wwebjs_auth\session-default\Default\IndexedDB\https_web.whatsapp.com_0.indexeddb.leveldb/LOCK: File currently in use. (ChromeMethodBFE: 15::LockFile::2)
[0612/150726.027:ERROR:leveldb_factory.cc(88)] Failed to open LevelDB database from D:\project\wp -BulkMessage\wp\backend\.wwebjs_auth\session-default\Default\IndexedDB\https_web.whatsapp.com_0.indexeddb.leveldb,IO error: D:\project\wp -BulkMessage\wp\backend\.wwebjs_auth\session-default\Default\IndexedDB\https_web.whatsapp.com_0.indexeddb.leveldb/LOCK: File currently in use. (ChromeMethodBFE: 15::LockFile::2)
[0612/150728.048:ERROR:leveldb_factory.cc(88)] Failed to open LevelDB database from D:\project\wp -BulkMessage\wp\backend\.wwebjs_auth\session-default\Default\IndexedDB\https_web.whatsapp.com_0.indexeddb.leveldb,IO error: D:\project\wp -BulkMessage\wp\backend\.wwebjs_auth\session-default\Default\IndexedDB\https_web.whatsapp.com_0.indexeddb.leveldb/LOCK: File currently in use. (ChromeMethodBFE: 15::LockFile::2)
[0612/150730.072:ERROR:leveldb_factory.cc(88)] Failed to open LevelDB database from D:\project\wp -BulkMessage\wp\backend\.wwebjs_auth\session-default\Default\IndexedDB\https_web.whatsapp.com_0.indexeddb.leveldb,IO error: D:\project\wp -BulkMessage\wp\backend\.wwebjs_auth\session-default\Default\IndexedDB\https_web.whatsapp.com_0.indexeddb.leveldb/LOCK: File currently in use. (ChromeMethodBFE: 15::LockFile::2)
[0612/150732.097:ERROR:leveldb_factory.cc(88)] Failed to open LevelDB database from D:\project\wp -BulkMessage\wp\backend\.wwebjs_auth\session-default\Default\IndexedDB\https_web.whatsapp.com_0.indexeddb.leveldb,IO error: D:\project\wp -BulkMessage\wp\backend\.wwebjs_auth\session-default\Default\IndexedDB\https_web.whatsapp.com_0.indexeddb.leveldb/LOCK: File currently in use. (ChromeMethodBFE: 15::LockFile::2)
[0612/150734.125:ERROR:leveldb_factory.cc(88)] Failed to open LevelDB database from D:\project\wp -BulkMessage\wp\backend\.wwebjs_auth\session-default\Default\IndexedDB\https_web.whatsapp.com_0.indexeddb.leveldb,IO error: D:\project\wp -BulkMessage\wp\backend\.wwebjs_auth\session-default\Default\IndexedDB\https_web.whatsapp.com_0.indexeddb.leveldb/LOCK: File currently in use. (ChromeMethodBFE: 15::LockFile::2)
[0612/150736.155:ERROR:leveldb_factory.cc(88)] Failed to open LevelDB database from D:\project\wp -BulkMessage\wp\backend\.wwebjs_auth\session-default\Default\IndexedDB\https_web.whatsapp.com_0.indexeddb.leveldb,IO error: D:\project\wp -BulkMessage\wp\backend\.wwebjs_auth\session-default\Default\IndexedDB\https_web.whatsapp.com_0.indexeddb.leveldb/LOCK: File currently in use. (ChromeMethodBFE: 15::LockFile::2)
[0612/150738.177:ERROR:leveldb_factory.cc(88)] Failed to open LevelDB database from D:\project\wp -BulkMessage\wp\backend\.wwebjs_auth\session-default\Default\IndexedDB\https_web.whatsapp.com_0.indexeddb.leveldb,IO error: D:\project\wp -BulkMessage\wp\backend\.wwebjs_auth\session-default\Default\IndexedDB\https_web.whatsapp.com_0.indexeddb.leveldb/LOCK: File currently in use. (ChromeMethodBFE: 15::LockFile::2)
[0612/150738.621:ERROR:cache_util_win.cc(20)] Unable to move the cache: Access is denied. (0x5)
[0612/150738.621:ERROR:disk_cache.cc(205)] Unable to create cache
[0612/150738.621:ERROR:gpu_disk_cache.cc(673)] Gpu Cache Creation failed: -2
[0612/150738.622:ERROR:cache_util_win.cc(20)] Unable to move the cache: Access is denied. (0x5)
[0612/150738.622:ERROR:disk_cache.cc(205)] Unable to create cache
[0612/150738.622:ERROR:gpu_disk_cache.cc(673)] Gpu Cache Creation failed: -2
[0612/150740.206:ERROR:leveldb_factory.cc(88)] Failed to open LevelDB database from D:\project\wp -BulkMessage\wp\backend\.wwebjs_auth\session-default\Default\IndexedDB\https_web.whatsapp.com_0.indexeddb.leveldb,IO error: D:\project\wp -BulkMessage\wp\backend\.wwebjs_auth\session-default\Default\IndexedDB\https_web.whatsapp.com_0.indexeddb.leveldb/LOCK: File currently in use. (ChromeMethodBFE: 15::LockFile::2)
[0612/150740.646:ERROR:cache_util_win.cc(20)] Unable to move the cache: Access is denied. (0x5)
[0612/150740.646:ERROR:disk_cache.cc(205)] Unable to create cache
[0612/150741.647:ERROR:service_worker_storage.cc(1933)] Failed to delete the database: Database IO error
[0612/150742.226:ERROR:leveldb_factory.cc(88)] Failed to open LevelDB database from D:\project\wp -BulkMessage\wp\backend\.wwebjs_auth\session-default\Default\IndexedDB\https_web.whatsapp.com_0.indexeddb.leveldb,IO error: D:\project\wp -BulkMessage\wp\backend\.wwebjs_auth\session-default\Default\IndexedDB\https_web.whatsapp.com_0.indexeddb.leveldb/LOCK: File currently in use. (ChromeMethodBFE: 15::LockFile::2)
[0612/150743.302:INFO:CONSOLE(0)] "Error with Permissions-Policy header: Feature xr-spatial-tracking's parameters are ignored.", source:  (0)
[0612/150743.302:INFO:CONSOLE(0)] "Error with Permissions-Policy header: Origin trial controlled feature not enabled: 'attribution-reporting'.", source:  (0)
[0612/150743.303:INFO:CONSOLE(0)] "Error with Permissions-Policy header: Unrecognized feature: 'compute-pressure'.", source:  (0)
[0612/150743.303:INFO:CONSOLE(0)] "Error with Permissions-Policy header: Origin trial controlled feature not enabled: 'interest-cohort'.", source:  (0)
[0612/150743.303:INFO:CONSOLE(0)] "Error with Permissions-Policy header: Unrecognized feature: 'private-state-token-issuance'.", source:  (0)
[0612/150743.303:INFO:CONSOLE(0)] "Error with Permissions-Policy header: Origin trial controlled feature not enabled: 'shared-storage'.", source:  (0)
[0612/150743.303:INFO:CONSOLE(0)] "Error with Permissions-Policy header: Unrecognized feature: 'shared-storage-select-url'.", source:  (0)
[0612/150743.303:INFO:CONSOLE(0)] "Error with Permissions-Policy header: Unrecognized feature: 'private-state-token-redemption'.", source:  (0)
[0612/150743.303:INFO:CONSOLE(0)] "Error with Permissions-Policy header: Unrecognized feature: 'unload'.", source:  (0)
[0612/150743.303:INFO:CONSOLE(0)] "Error with Permissions-Policy header: Unrecognized feature: 'window-management'.", source:  (0)
[0612/150743.303:INFO:CONSOLE(0)] "Document-Policy HTTP header: Unrecognized document policy feature name include-js-call-stacks-in-crash-reports.", source: https://web.whatsapp.com/ (0)
[0612/150744.249:ERROR:leveldb_factory.cc(88)] Failed to open LevelDB database from D:\project\wp -BulkMessage\wp\backend\.wwebjs_auth\session-default\Default\IndexedDB\https_web.whatsapp.com_0.indexeddb.leveldb,IO error: D:\project\wp -BulkMessage\wp\backend\.wwebjs_auth\session-default\Default\IndexedDB\https_web.whatsapp.com_0.indexeddb.leveldb/LOCK: File currently in use. (ChromeMethodBFE: 15::LockFile::2)
[0612/150746.266:ERROR:leveldb_factory.cc(88)] Failed to open LevelDB database from D:\project\wp -BulkMessage\wp\backend\.wwebjs_auth\session-default\Default\IndexedDB\https_web.whatsapp.com_0.indexeddb.leveldb,IO error: D:\project\wp -BulkMessage\wp\backend\.wwebjs_auth\session-default\Default\IndexedDB\https_web.whatsapp.com_0.indexeddb.leveldb/LOCK: File currently in use. (ChromeMethodBFE: 15::LockFile::2)
[0612/150748.292:ERROR:leveldb_factory.cc(88)] Failed to open LevelDB database from D:\project\wp -BulkMessage\wp\backend\.wwebjs_auth\session-default\Default\IndexedDB\https_web.whatsapp.com_0.indexeddb.leveldb,IO error: D:\project\wp -BulkMessage\wp\backend\.wwebjs_auth\session-default\Default\IndexedDB\https_web.whatsapp.com_0.indexeddb.leveldb/LOCK: File currently in use. (ChromeMethodBFE: 15::LockFile::2)
[0612/150750.308:ERROR:leveldb_factory.cc(88)] Failed to open LevelDB database from D:\project\wp -BulkMessage\wp\backend\.wwebjs_auth\session-default\Default\IndexedDB\https_web.whatsapp.com_0.indexeddb.leveldb,IO error: D:\project\wp -BulkMessage\wp\backend\.wwebjs_auth\session-default\Default\IndexedDB\https_web.whatsapp.com_0.indexeddb.leveldb/LOCK: File currently in use. (ChromeMethodBFE: 15::LockFile::2)
[0612/150752.331:ERROR:leveldb_factory.cc(88)] Failed to open LevelDB database from D:\project\wp -BulkMessage\wp\backend\.wwebjs_auth\session-default\Default\IndexedDB\https_web.whatsapp.com_0.indexeddb.leveldb,IO error: D:\project\wp -BulkMessage\wp\backend\.wwebjs_auth\session-default\Default\IndexedDB\https_web.whatsapp.com_0.indexeddb.leveldb/LOCK: File currently in use. (ChromeMethodBFE: 15::LockFile::2)
[0612/150752.963:ERROR:quota_database.cc(929)] Could not open the quota database, resetting.
[0612/150754.110:ERROR:cache_util_win.cc(20)] Unable to move the cache: Access is denied. (0x5)
[0612/150754.113:ERROR:disk_cache.cc(205)] Unable to create cache
[0612/150754.113:ERROR:gpu_disk_cache.cc(673)] Gpu Cache Creation failed: -2
[0612/150754.113:ERROR:cache_util_win.cc(20)] Unable to move the cache: Access is denied. (0x5)
[0612/150754.113:ERROR:disk_cache.cc(205)] Unable to create cache
[0612/150754.113:ERROR:gpu_disk_cache.cc(673)] Gpu Cache Creation failed: -2
[0612/150754.349:ERROR:leveldb_factory.cc(88)] Failed to open LevelDB database from D:\project\wp -BulkMessage\wp\backend\.wwebjs_auth\session-default\Default\IndexedDB\https_web.whatsapp.com_0.indexeddb.leveldb,IO error: D:\project\wp -BulkMessage\wp\backend\.wwebjs_auth\session-default\Default\IndexedDB\https_web.whatsapp.com_0.indexeddb.leveldb/LOCK: File currently in use. (ChromeMethodBFE: 15::LockFile::2)
[0612/150756.134:ERROR:cache_util_win.cc(20)] Unable to move the cache: Access is denied. (0x5)
[0612/150756.134:ERROR:disk_cache.cc(205)] Unable to create cache
[0612/150756.424:ERROR:leveldb_factory.cc(88)] Failed to open LevelDB database from D:\project\wp -BulkMessage\wp\backend\.wwebjs_auth\session-default\Default\IndexedDB\https_web.whatsapp.com_0.indexeddb.leveldb,IO error: D:\project\wp -BulkMessage\wp\backend\.wwebjs_auth\session-default\Default\IndexedDB\https_web.whatsapp.com_0.indexeddb.leveldb/LOCK: File currently in use. (ChromeMethodBFE: 15::LockFile::2)
[0612/150757.147:ERROR:service_worker_storage.cc(1933)] Failed to delete the database: Database IO error
[0612/150757.887:ERROR:quota_database.cc(929)] Could not open the quota database, resetting.
[0612/150758.451:ERROR:leveldb_factory.cc(88)] Failed to open LevelDB database from D:\project\wp -BulkMessage\wp\backend\.wwebjs_auth\session-default\Default\IndexedDB\https_web.whatsapp.com_0.indexeddb.leveldb,IO error: D:\project\wp -BulkMessage\wp\backend\.wwebjs_auth\session-default\Default\IndexedDB\https_web.whatsapp.com_0.indexeddb.leveldb/LOCK: File currently in use. (ChromeMethodBFE: 15::LockFile::2)
[0612/150758.963:INFO:CONSOLE(0)] "Error with Permissions-Policy header: Feature xr-spatial-tracking's parameters are ignored.", source:  (0)
[0612/150758.963:INFO:CONSOLE(0)] "Error with Permissions-Policy header: Origin trial controlled feature not enabled: 'attribution-reporting'.", source:  (0)
[0612/150758.963:INFO:CONSOLE(0)] "Error with Permissions-Policy header: Unrecognized feature: 'compute-pressure'.", source:  (0)
[0612/150758.963:INFO:CONSOLE(0)] "Error with Permissions-Policy header: Origin trial controlled feature not enabled: 'interest-cohort'.", source:  (0)
[0612/150758.963:INFO:CONSOLE(0)] "Error with Permissions-Policy header: Unrecognized feature: 'private-state-token-issuance'.", source:  (0)
[0612/150758.963:INFO:CONSOLE(0)] "Error with Permissions-Policy header: Origin trial controlled feature not enabled: 'shared-storage'.", source:  (0)
[0612/150758.963:INFO:CONSOLE(0)] "Error with Permissions-Policy header: Unrecognized feature: 'shared-storage-select-url'.", source:  (0)
[0612/150758.963:INFO:CONSOLE(0)] "Error with Permissions-Policy header: Unrecognized feature: 'private-state-token-redemption'.", source:  (0)
[0612/150758.963:INFO:CONSOLE(0)] "Error with Permissions-Policy header: Unrecognized feature: 'unload'.", source:  (0)
[0612/150758.963:INFO:CONSOLE(0)] "Error with Permissions-Policy header: Unrecognized feature: 'window-management'.", source:  (0)
[0612/150758.964:INFO:CONSOLE(0)] "Document-Policy HTTP header: Unrecognized document policy feature name include-js-call-stacks-in-crash-reports.", source: https://web.whatsapp.com/ (0)
[0612/150800.469:ERROR:leveldb_factory.cc(88)] Failed to open LevelDB database from D:\project\wp -BulkMessage\wp\backend\.wwebjs_auth\session-default\Default\IndexedDB\https_web.whatsapp.com_0.indexeddb.leveldb,IO error: D:\project\wp -BulkMessage\wp\backend\.wwebjs_auth\session-default\Default\IndexedDB\https_web.whatsapp.com_0.indexeddb.leveldb/LOCK: File currently in use. (ChromeMethodBFE: 15::LockFile::2)
[0612/150800.849:ERROR:quota_database.cc(931)] Failed to reset the quota database.
[0612/150800.849:ERROR:quota_database.cc(931)] Failed to reset the quota database.
[0612/150802.512:ERROR:leveldb_factory.cc(88)] Failed to open LevelDB database from D:\project\wp -BulkMessage\wp\backend\.wwebjs_auth\session-default\Default\IndexedDB\https_web.whatsapp.com_0.indexeddb.leveldb,IO error: D:\project\wp -BulkMessage\wp\backend\.wwebjs_auth\session-default\Default\IndexedDB\https_web.whatsapp.com_0.indexeddb.leveldb/LOCK: File currently in use. (ChromeMethodBFE: 15::LockFile::2)
[0612/150804.562:ERROR:leveldb_factory.cc(88)] Failed to open LevelDB database from D:\project\wp -BulkMessage\wp\backend\.wwebjs_auth\session-default\Default\IndexedDB\https_web.whatsapp.com_0.indexeddb.leveldb,IO error: D:\project\wp -BulkMessage\wp\backend\.wwebjs_auth\session-default\Default\IndexedDB\https_web.whatsapp.com_0.indexeddb.leveldb/LOCK: File currently in use. (ChromeMethodBFE: 15::LockFile::2)
[0612/150806.563:ERROR:quota_database.cc(929)] Could not open the quota database, resetting.
[0612/150806.580:ERROR:leveldb_factory.cc(88)] Failed to open LevelDB database from D:\project\wp -BulkMessage\wp\backend\.wwebjs_auth\session-default\Default\IndexedDB\https_web.whatsapp.com_0.indexeddb.leveldb,IO error: D:\project\wp -BulkMessage\wp\backend\.wwebjs_auth\session-default\Default\IndexedDB\https_web.whatsapp.com_0.indexeddb.leveldb/LOCK: File currently in use. (ChromeMethodBFE: 15::LockFile::2)
[0612/150808.797:ERROR:leveldb_factory.cc(88)] Failed to open LevelDB database from D:\project\wp -BulkMessage\wp\backend\.wwebjs_auth\session-default\Default\IndexedDB\https_web.whatsapp.com_0.indexeddb.leveldb,IO error: D:\project\wp -BulkMessage\wp\backend\.wwebjs_auth\session-default\Default\IndexedDB\https_web.whatsapp.com_0.indexeddb.leveldb/LOCK: File currently in use. (ChromeMethodBFE: 15::LockFile::2)
[0612/150810.843:ERROR:leveldb_factory.cc(88)] Failed to open LevelDB database from D:\project\wp -BulkMessage\wp\backend\.wwebjs_auth\session-default\Default\IndexedDB\https_web.whatsapp.com_0.indexeddb.leveldb,IO error: D:\project\wp -BulkMessage\wp\backend\.wwebjs_auth\session-default\Default\IndexedDB\https_web.whatsapp.com_0.indexeddb.leveldb/LOCK: File currently in use. (ChromeMethodBFE: 15::LockFile::2)
[0612/150811.685:ERROR:quota_database.cc(929)] Could not open the quota database, resetting.
[0612/150812.944:ERROR:leveldb_factory.cc(88)] Failed to open LevelDB database from D:\project\wp -BulkMessage\wp\backend\.wwebjs_auth\session-default\Default\IndexedDB\https_web.whatsapp.com_0.indexeddb.leveldb,IO error: D:\project\wp -BulkMessage\wp\backend\.wwebjs_auth\session-default\Default\IndexedDB\https_web.whatsapp.com_0.indexeddb.leveldb/LOCK: File currently in use. (ChromeMethodBFE: 15::LockFile::2)
[0612/150814.663:ERROR:quota_database.cc(931)] Failed to reset the quota database.
[0612/150814.663:ERROR:quota_database.cc(931)] Failed to reset the quota database.
[0612/150814.965:ERROR:leveldb_factory.cc(88)] Failed to open LevelDB database from D:\project\wp -BulkMessage\wp\backend\.wwebjs_auth\session-default\Default\IndexedDB\https_web.whatsapp.com_0.indexeddb.leveldb,IO error: D:\project\wp -BulkMessage\wp\backend\.wwebjs_auth\session-default\Default\IndexedDB\https_web.whatsapp.com_0.indexeddb.leveldb/LOCK: File currently in use. (ChromeMethodBFE: 15::LockFile::2)
[0612/150816.992:ERROR:leveldb_factory.cc(88)] Failed to open LevelDB database from D:\project\wp -BulkMessage\wp\backend\.wwebjs_auth\session-default\Default\IndexedDB\https_web.whatsapp.com_0.indexeddb.leveldb,IO error: D:\project\wp -BulkMessage\wp\backend\.wwebjs_auth\session-default\Default\IndexedDB\https_web.whatsapp.com_0.indexeddb.leveldb/LOCK: File currently in use. (ChromeMethodBFE: 15::LockFile::2)
[0612/150819.020:ERROR:leveldb_factory.cc(88)] Failed to open LevelDB database from D:\project\wp -BulkMessage\wp\backend\.wwebjs_auth\session-default\Default\IndexedDB\https_web.whatsapp.com_0.indexeddb.leveldb,IO error: D:\project\wp -BulkMessage\wp\backend\.wwebjs_auth\session-default\Default\IndexedDB\https_web.whatsapp.com_0.indexeddb.leveldb/LOCK: File currently in use. (ChromeMethodBFE: 15::LockFile::2)
[0612/150821.038:ERROR:leveldb_factory.cc(88)] Failed to open LevelDB database from D:\project\wp -BulkMessage\wp\backend\.wwebjs_auth\session-default\Default\IndexedDB\https_web.whatsapp.com_0.indexeddb.leveldb,IO error: D:\project\wp -BulkMessage\wp\backend\.wwebjs_auth\session-default\Default\IndexedDB\https_web.whatsapp.com_0.indexeddb.leveldb/LOCK: File currently in use. (ChromeMethodBFE: 15::LockFile::2)
[0612/150823.070:ERROR:leveldb_factory.cc(88)] Failed to open LevelDB database from D:\project\wp -BulkMessage\wp\backend\.wwebjs_auth\session-default\Default\IndexedDB\https_web.whatsapp.com_0.indexeddb.leveldb,IO error: D:\project\wp -BulkMessage\wp\backend\.wwebjs_auth\session-default\Default\IndexedDB\https_web.whatsapp.com_0.indexeddb.leveldb/LOCK: File currently in use. (ChromeMethodBFE: 15::LockFile::2)
[0612/150825.096:ERROR:leveldb_factory.cc(88)] Failed to open LevelDB database from D:\project\wp -BulkMessage\wp\backend\.wwebjs_auth\session-default\Default\IndexedDB\https_web.whatsapp.com_0.indexeddb.leveldb,IO error: D:\project\wp -BulkMessage\wp\backend\.wwebjs_auth\session-default\Default\IndexedDB\https_web.whatsapp.com_0.indexeddb.leveldb/LOCK: File currently in use. (ChromeMethodBFE: 15::LockFile::2)
[0612/150827.121:ERROR:leveldb_factory.cc(88)] Failed to open LevelDB database from D:\project\wp -BulkMessage\wp\backend\.wwebjs_auth\session-default\Default\IndexedDB\https_web.whatsapp.com_0.indexeddb.leveldb,IO error: D:\project\wp -BulkMessage\wp\backend\.wwebjs_auth\session-default\Default\IndexedDB\https_web.whatsapp.com_0.indexeddb.leveldb/LOCK: File currently in use. (ChromeMethodBFE: 15::LockFile::2)
[0612/150829.152:ERROR:leveldb_factory.cc(88)] Failed to open LevelDB database from D:\project\wp -BulkMessage\wp\backend\.wwebjs_auth\session-default\Default\IndexedDB\https_web.whatsapp.com_0.indexeddb.leveldb,IO error: D:\project\wp -BulkMessage\wp\backend\.wwebjs_auth\session-default\Default\IndexedDB\https_web.whatsapp.com_0.indexeddb.leveldb/LOCK: File currently in use. (ChromeMethodBFE: 15::LockFile::2)
[0612/150831.183:ERROR:leveldb_factory.cc(88)] Failed to open LevelDB database from D:\project\wp -BulkMessage\wp\backend\.wwebjs_auth\session-default\Default\IndexedDB\https_web.whatsapp.com_0.indexeddb.leveldb,IO error: D:\project\wp -BulkMessage\wp\backend\.wwebjs_auth\session-default\Default\IndexedDB\https_web.whatsapp.com_0.indexeddb.leveldb/LOCK: File currently in use. (ChromeMethodBFE: 15::LockFile::2)
[0612/150833.208:ERROR:leveldb_factory.cc(88)] Failed to open LevelDB database from D:\project\wp -BulkMessage\wp\backend\.wwebjs_auth\session-default\Default\IndexedDB\https_web.whatsapp.com_0.indexeddb.leveldb,IO error: D:\project\wp -BulkMessage\wp\backend\.wwebjs_auth\session-default\Default\IndexedDB\https_web.whatsapp.com_0.indexeddb.leveldb/LOCK: File currently in use. (ChromeMethodBFE: 15::LockFile::2)
[0612/150835.238:ERROR:leveldb_factory.cc(88)] Failed to open LevelDB database from D:\project\wp -BulkMessage\wp\backend\.wwebjs_auth\session-default\Default\IndexedDB\https_web.whatsapp.com_0.indexeddb.leveldb,IO error: D:\project\wp -BulkMessage\wp\backend\.wwebjs_auth\session-default\Default\IndexedDB\https_web.whatsapp.com_0.indexeddb.leveldb/LOCK: File currently in use. (ChromeMethodBFE: 15::LockFile::2)
[0612/150837.267:ERROR:leveldb_factory.cc(88)] Failed to open LevelDB database from D:\project\wp -BulkMessage\wp\backend\.wwebjs_auth\session-default\Default\IndexedDB\https_web.whatsapp.com_0.indexeddb.leveldb,IO error: D:\project\wp -BulkMessage\wp\backend\.wwebjs_auth\session-default\Default\IndexedDB\https_web.whatsapp.com_0.indexeddb.leveldb/LOCK: File currently in use. (ChromeMethodBFE: 15::LockFile::2)
[0612/150839.297:ERROR:leveldb_factory.cc(88)] Failed to open LevelDB database from D:\project\wp -BulkMessage\wp\backend\.wwebjs_auth\session-default\Default\IndexedDB\https_web.whatsapp.com_0.indexeddb.leveldb,IO error: D:\project\wp -BulkMessage\wp\backend\.wwebjs_auth\session-default\Default\IndexedDB\https_web.whatsapp.com_0.indexeddb.leveldb/LOCK: File currently in use. (ChromeMethodBFE: 15::LockFile::2)
[0612/150841.331:ERROR:leveldb_factory.cc(88)] Failed to open LevelDB database from D:\project\wp -BulkMessage\wp\backend\.wwebjs_auth\session-default\Default\IndexedDB\https_web.whatsapp.com_0.indexeddb.leveldb,IO error: D:\project\wp -BulkMessage\wp\backend\.wwebjs_auth\session-default\Default\IndexedDB\https_web.whatsapp.com_0.indexeddb.leveldb/LOCK: File currently in use. (ChromeMethodBFE: 15::LockFile::2)
[0612/150843.351:ERROR:leveldb_factory.cc(88)] Failed to open LevelDB database from D:\project\wp -BulkMessage\wp\backend\.wwebjs_auth\session-default\Default\IndexedDB\https_web.whatsapp.com_0.indexeddb.leveldb,IO error: D:\project\wp -BulkMessage\wp\backend\.wwebjs_auth\session-default\Default\IndexedDB\https_web.whatsapp.com_0.indexeddb.leveldb/LOCK: File currently in use. (ChromeMethodBFE: 15::LockFile::2)
[0612/150845.374:ERROR:leveldb_factory.cc(88)] Failed to open LevelDB database from D:\project\wp -BulkMessage\wp\backend\.wwebjs_auth\session-default\Default\IndexedDB\https_web.whatsapp.com_0.indexeddb.leveldb,IO error: D:\project\wp -BulkMessage\wp\backend\.wwebjs_auth\session-default\Default\IndexedDB\https_web.whatsapp.com_0.indexeddb.leveldb/LOCK: File currently in use. (ChromeMethodBFE: 15::LockFile::2)
[0612/150847.402:ERROR:leveldb_factory.cc(88)] Failed to open LevelDB database from D:\project\wp -BulkMessage\wp\backend\.wwebjs_auth\session-default\Default\IndexedDB\https_web.whatsapp.com_0.indexeddb.leveldb,IO error: D:\project\wp -BulkMessage\wp\backend\.wwebjs_auth\session-default\Default\IndexedDB\https_web.whatsapp.com_0.indexeddb.leveldb/LOCK: File currently in use. (ChromeMethodBFE: 15::LockFile::2)
[0612/150849.426:ERROR:leveldb_factory.cc(88)] Failed to open LevelDB database from D:\project\wp -BulkMessage\wp\backend\.wwebjs_auth\session-default\Default\IndexedDB\https_web.whatsapp.com_0.indexeddb.leveldb,IO error: D:\project\wp -BulkMessage\wp\backend\.wwebjs_auth\session-default\Default\IndexedDB\https_web.whatsapp.com_0.indexeddb.leveldb/LOCK: File currently in use. (ChromeMethodBFE: 15::LockFile::2)
[0612/150851.526:ERROR:leveldb_factory.cc(88)] Failed to open LevelDB database from D:\project\wp -BulkMessage\wp\backend\.wwebjs_auth\session-default\Default\IndexedDB\https_web.whatsapp.com_0.indexeddb.leveldb,IO error: D:\project\wp -BulkMessage\wp\backend\.wwebjs_auth\session-default\Default\IndexedDB\https_web.whatsapp.com_0.indexeddb.leveldb/LOCK: File currently in use. (ChromeMethodBFE: 15::LockFile::2)
[0612/150853.545:ERROR:leveldb_factory.cc(88)] Failed to open LevelDB database from D:\project\wp -BulkMessage\wp\backend\.wwebjs_auth\session-default\Default\IndexedDB\https_web.whatsapp.com_0.indexeddb.leveldb,IO error: D:\project\wp -BulkMessage\wp\backend\.wwebjs_auth\session-default\Default\IndexedDB\https_web.whatsapp.com_0.indexeddb.leveldb/LOCK: File currently in use. (ChromeMethodBFE: 15::LockFile::2)
[0612/150855.561:ERROR:leveldb_factory.cc(88)] Failed to open LevelDB database from D:\project\wp -BulkMessage\wp\backend\.wwebjs_auth\session-default\Default\IndexedDB\https_web.whatsapp.com_0.indexeddb.leveldb,IO error: D:\project\wp -BulkMessage\wp\backend\.wwebjs_auth\session-default\Default\IndexedDB\https_web.whatsapp.com_0.indexeddb.leveldb/LOCK: File currently in use. (ChromeMethodBFE: 15::LockFile::2)
[0612/150857.586:ERROR:leveldb_factory.cc(88)] Failed to open LevelDB database from D:\project\wp -BulkMessage\wp\backend\.wwebjs_auth\session-default\Default\IndexedDB\https_web.whatsapp.com_0.indexeddb.leveldb,IO error: D:\project\wp -BulkMessage\wp\backend\.wwebjs_auth\session-default\Default\IndexedDB\https_web.whatsapp.com_0.indexeddb.leveldb/LOCK: File currently in use. (ChromeMethodBFE: 15::LockFile::2)
[0612/150859.618:ERROR:leveldb_factory.cc(88)] Failed to open LevelDB database from D:\project\wp -BulkMessage\wp\backend\.wwebjs_auth\session-default\Default\IndexedDB\https_web.whatsapp.com_0.indexeddb.leveldb,IO error: D:\project\wp -BulkMessage\wp\backend\.wwebjs_auth\session-default\Default\IndexedDB\https_web.whatsapp.com_0.indexeddb.leveldb/LOCK: File currently in use. (ChromeMethodBFE: 15::LockFile::2)
[0612/150901.641:ERROR:leveldb_factory.cc(88)] Failed to open LevelDB database from D:\project\wp -BulkMessage\wp\backend\.wwebjs_auth\session-default\Default\IndexedDB\https_web.whatsapp.com_0.indexeddb.leveldb,IO error: D:\project\wp -BulkMessage\wp\backend\.wwebjs_auth\session-default\Default\IndexedDB\https_web.whatsapp.com_0.indexeddb.leveldb/LOCK: File currently in use. (ChromeMethodBFE: 15::LockFile::2)
[0612/150903.771:ERROR:leveldb_factory.cc(88)] Failed to open LevelDB database from D:\project\wp -BulkMessage\wp\backend\.wwebjs_auth\session-default\Default\IndexedDB\https_web.whatsapp.com_0.indexeddb.leveldb,IO error: D:\project\wp -BulkMessage\wp\backend\.wwebjs_auth\session-default\Default\IndexedDB\https_web.whatsapp.com_0.indexeddb.leveldb/LOCK: File currently in use. (ChromeMethodBFE: 15::LockFile::2)
[0612/150905.885:ERROR:leveldb_factory.cc(88)] Failed to open LevelDB database from D:\project\wp -BulkMessage\wp\backend\.wwebjs_auth\session-default\Default\IndexedDB\https_web.whatsapp.com_0.indexeddb.leveldb,IO error: D:\project\wp -BulkMessage\wp\backend\.wwebjs_auth\session-default\Default\IndexedDB\https_web.whatsapp.com_0.indexeddb.leveldb/LOCK: File currently in use. (ChromeMethodBFE: 15::LockFile::2)
[0612/150907.945:ERROR:leveldb_factory.cc(88)] Failed to open LevelDB database from D:\project\wp -BulkMessage\wp\backend\.wwebjs_auth\session-default\Default\IndexedDB\https_web.whatsapp.com_0.indexeddb.leveldb,IO error: D:\project\wp -BulkMessage\wp\backend\.wwebjs_auth\session-default\Default\IndexedDB\https_web.whatsapp.com_0.indexeddb.leveldb/LOCK: File currently in use. (ChromeMethodBFE: 15::LockFile::2)
